[debug] [2018-09-04T01:57:29.156Z] ----------------------------------------------------------------------
[debug] [2018-09-04T01:57:29.160Z] Command:       /usr/local/Cellar/node/9.11.1/bin/node /usr/local/bin/firebase deploy
[debug] [2018-09-04T01:57:29.160Z] CLI Version:   4.2.1
[debug] [2018-09-04T01:57:29.160Z] Platform:      darwin
[debug] [2018-09-04T01:57:29.160Z] Node Version:  v9.11.1
[debug] [2018-09-04T01:57:29.161Z] Time:          Mon Sep 03 2018 21:57:29 GMT-0400 (EDT)
[debug] [2018-09-04T01:57:29.161Z] ----------------------------------------------------------------------
[debug] 
[debug] [2018-09-04T01:57:29.178Z] > command requires scopes: ["email","openid","https://www.googleapis.com/auth/cloudplatformprojects.readonly","https://www.googleapis.com/auth/firebase","https://www.googleapis.com/auth/cloud-platform"]
[debug] [2018-09-04T01:57:29.179Z] > authorizing via signed-in user
[debug] [2018-09-04T01:57:29.181Z] > refreshing access token with scopes: ["email","https://www.googleapis.com/auth/cloud-platform","https://www.googleapis.com/auth/cloudplatformprojects.readonly","https://www.googleapis.com/auth/firebase","openid"]
[debug] [2018-09-04T01:57:29.181Z] >>> HTTP REQUEST POST https://www.googleapis.com/oauth2/v3/token  

[debug] [2018-09-04T01:57:29.469Z] <<< HTTP RESPONSE 200
[debug] [2018-09-04T01:57:29.479Z] >>> HTTP REQUEST GET https://admin.firebase.com/v1/projects/turtlegirlsmarket-64f1c  
 
[debug] [2018-09-04T01:57:30.038Z] <<< HTTP RESPONSE 200
[info] 
[info] === Deploying to 'turtlegirlsmarket-64f1c'...
[info] 
[info] i  deploying database, hosting
[debug] [2018-09-04T01:57:30.213Z] Error: ENOENT: no such file or directory, open '/Users/pope410211/Soft_Dev/sites/NG-TGM/database.rules.json'
    at Object.fs.openSync (fs.js:660:18)
    at Object.fs.readFileSync (fs.js:565:33)
    at Config.readProjectFile (/usr/local/lib/node_modules/firebase-tools/lib/config.js:176:22)
    at /usr/local/lib/node_modules/firebase-tools/lib/deploy/database/prepare.js:52:42
    at /usr/local/lib/node_modules/firebase-tools/node_modules/lodash/lodash.js:4925:15
    at baseForOwn (/usr/local/lib/node_modules/firebase-tools/node_modules/lodash/lodash.js:3010:24)
    at /usr/local/lib/node_modules/firebase-tools/node_modules/lodash/lodash.js:4894:18
    at Function.forEach (/usr/local/lib/node_modules/firebase-tools/node_modules/lodash/lodash.js:9342:14)
    at module.exports (/usr/local/lib/node_modules/firebase-tools/lib/deploy/database/prepare.js:49:5)
    at _chain (/usr/local/lib/node_modules/firebase-tools/lib/deploy/index.js:26:38)
[error] 
[error] Error: An unexpected error has occurred.
